0 info it worked if it ends with ok
1 verbose cli [ 'c:\\Program Files\\nodejs\\node.exe',
1 verbose cli   'c:\\Program Files\\nodejs\\node_modules\\npm\\bin\\npm-cli.js',
1 verbose cli   'i' ]
2 info using npm@2.15.9
3 info using node@v4.5.0
4 verbose readDependencies loading dependencies from c:\Users\bhavy_000\301\301-lab\my-forked-labs\12-REST-and-APIs\package.json
5 error install Couldn't read dependencies
6 verbose stack Error: ENOENT: no such file or directory, open 'c:\Users\bhavy_000\301\301-lab\my-forked-labs\12-REST-and-APIs\package.json'
6 verbose stack     at Error (native)
7 verbose cwd c:\Users\bhavy_000\301\301-lab\my-forked-labs\12-REST-and-APIs
8 error Windows_NT 10.0.10586
9 error argv "c:\\Program Files\\nodejs\\node.exe" "c:\\Program Files\\nodejs\\node_modules\\npm\\bin\\npm-cli.js" "i"
10 error node v4.5.0
11 error npm  v2.15.9
12 error path c:\Users\bhavy_000\301\301-lab\my-forked-labs\12-REST-and-APIs\package.json
13 error code ENOPACKAGEJSON
14 error errno -4058
15 error syscall open
16 error package.json ENOENT: no such file or directory, open 'c:\Users\bhavy_000\301\301-lab\my-forked-labs\12-REST-and-APIs\package.json'
16 error package.json This is most likely not a problem with npm itself.
16 error package.json npm can't find a package.json file in your current directory.
17 verbose exit [ -4058, true ]
